<?xml version="1.0" encoding="UTF-8"?>
<!-- Generated by org.testng.reporters.JUnitReportReporter -->
<testsuite skipped="0" hostname="MYSHEC200402L" name="MavenDemo.MavenTestDemo" tests="1" failures="0" timestamp="20 Jun 2018 05:54:10 GMT" time="0.007" errors="0">
  <testcase name="f" time="0.007" classname="MavenDemo.MavenTestDemo"/>
</testsuite> <!-- MavenDemo.MavenTestDemo -->
