<?xml version="1.0" encoding="UTF-8"?>
<!-- Generated by org.testng.reporters.JUnitReportReporter -->
<testsuite skipped="0" hostname="MYSHEC200402L" name="MavenDemo.TestNGClass2" tests="2" failures="0" timestamp="20 Jun 2018 05:54:10 GMT" time="0.020" errors="0">
  <testcase name="test1" time="0.013" classname="MavenDemo.TestNGClass2"/>
  <testcase name="test2" time="0.007" classname="MavenDemo.TestNGClass2"/>
</testsuite> <!-- MavenDemo.TestNGClass2 -->
